Arguments: 
  C:\Program Files\nodejs\node.exe C:\Users\Ahmad\AppData\Roaming\npm\node_modules\yarn\bin\yarn.js

PATH: 
  C:\Program Files\Common Files\Oracle\Java\javapath;C:\WINDOWS\system32;C:\WINDOWS;C:\WINDOWS\System32\Wbem;C:\WINDOWS\System32\WindowsPowerShell\v1.0\;C:\WINDOWS\System32\OpenSSH\;C:\Program Files\dotnet\;D:\Matlab\runtime\win64;D:\Matlab\bin;C:\Program Files\Microsoft SQL Server\130\Tools\Binn\;C:\Program Files\Docker\Docker\resources\bin;C:\ProgramData\DockerDesktop\version-bin;E:\chromedriver.exe;C:\Program Files\Git\cmd;C:\Program Files\nodejs\;C:\Users\Ahmad\AppData\Local\Programs\Python\Python37\Scripts\;C:\Users\Ahmad\AppData\Local\Programs\Python\Python37\;C:\Users\Ahmad\AppData\Local\Programs\Python\Python39\Scripts\;C:\Users\Ahmad\AppData\Local\Programs\Python\Python39\;C:\Users\Ahmad\AppData\Local\Microsoft\WindowsApps;C:\Users\Ahmad\AppData\Local\Programs\Microsoft VS Code\bin;C:\Hugo\bin;C:\Users\Ahmad\AppData\Roaming\npm

Yarn version: 
  1.22.17

Node version: 
  16.13.2

Platform: 
  win32 x64

Trace: 
  Error: connect ETIMEDOUT 185.199.110.133:443
      at TCPConnectWrap.afterConnect [as oncomplete] (node:net:1161:16)

npm manifest: 
  {
    "name": "unifactory",
    "license": "UNLICENSED",
    "scripts": {
      "codegen": "graph codegen",
      "build": "graph build",
      "deploy": "graph deploy --node https://api.studio.thegraph.com/deploy/ unifactory",
      "create-local": "graph create --node http://localhost:8020/ unifactory",
      "remove-local": "graph remove --node http://localhost:8020/ unifactory",
      "deploy-local": "graph deploy --node http://localhost:8020/ --ipfs http://localhost:5001 unifactory"
    },
    "dependencies": {
      "@graphprotocol/graph-cli": "0.26.0",
      "@graphprotocol/graph-ts": "0.24.1"
    }
  }

yarn manifest: 
  No manifest

Lockfile: 
  No lockfile
